TN:
SF:src/controllers/basketController.js
FN:1,basketController
FN:2,getMethod
FN:4,(anonymous_2)
FNF:3
FNH:3
FNDA:1,basketController
FNDA:2,getMethod
FNDA:2,(anonymous_2)
DA:3,2
DA:4,2
DA:5,2
DA:6,1
DA:8,2
DA:11,1
DA:14,1
LF:7
LH:7
BRDA:5,0,0,1
BRDA:5,0,1,1
BRF:2
BRH:2
end_of_record
TN:
SF:src/controllers/basketProductController.js
FN:1,basketProductController
FN:2,postMethod
FN:5,(anonymous_2)
FN:11,(anonymous_3)
FN:20,deleteMethod
FN:22,(anonymous_5)
FNF:6
FNH:6
FNDA:1,basketProductController
FNDA:3,postMethod
FNDA:3,(anonymous_2)
FNDA:2,(anonymous_3)
FNDA:2,deleteMethod
FNDA:2,(anonymous_5)
DA:3,3
DA:5,3
DA:6,3
DA:7,1
DA:9,2
DA:12,2
DA:13,1
DA:15,1
DA:21,2
DA:22,2
DA:23,2
DA:24,1
DA:26,1
DA:29,1
DA:32,1
LF:15
LH:15
BRDA:6,0,0,1
BRDA:6,0,1,2
BRDA:12,1,0,1
BRDA:12,1,1,1
BRDA:23,2,0,1
BRDA:23,2,1,1
BRF:6
BRH:6
end_of_record
TN:
SF:src/controllers/productController.js
FN:2,productController
FN:3,getMethod
FN:5,(anonymous_2)
FNF:3
FNH:3
FNDA:1,productController
FNDA:2,getMethod
FNDA:2,(anonymous_2)
DA:4,2
DA:5,2
DA:6,2
DA:7,1
DA:9,2
DA:10,2
DA:13,1
DA:16,1
LF:8
LH:8
BRDA:6,0,0,1
BRDA:6,0,1,1
BRF:2
BRH:2
end_of_record
TN:
SF:src/controllers/productsController.js
FN:1,productsController
FN:2,getMethod
FN:4,(anonymous_2)
FNF:3
FNH:3
FNDA:1,productsController
FNDA:2,getMethod
FNDA:2,(anonymous_2)
DA:3,2
DA:4,2
DA:5,2
DA:6,1
DA:8,2
DA:11,1
DA:14,1
LF:7
LH:7
BRDA:5,0,0,1
BRDA:5,0,1,1
BRF:2
BRH:2
end_of_record
TN:
SF:src/models/productModel.js
FNF:0
FNH:0
DA:1,4
DA:3,4
DA:5,4
DA:17,4
LF:4
LH:4
BRF:0
BRH:0
end_of_record
